WARNING: qrcode 8.2 does not provide the extra 'svg'
WARNING:brew_updater:brew_updater: brew not found — Homebrew may not be installed
WARNING: qrcode 8.2 does not provide the extra 'svg'
WARNING:brew_updater:brew_updater: brew not found — Homebrew may not be installed
WARNING: qrcode 8.2 does not provide the extra 'svg'
WARNING:brew_updater:brew_updater: brew not found — Homebrew may not be installed
WARNING:waitress.queue:Task queue depth is 1
WARNING:waitress.queue:Task queue depth is 1
WARNING:waitress.queue:Task queue depth is 1
WARNING:waitress.queue:Task queue depth is 2
WARNING:waitress.queue:Task queue depth is 3
WARNING:waitress.queue:Task queue depth is 4
WARNING:waitress.queue:Task queue depth is 1
WARNING: qrcode 8.2 does not provide the extra 'svg'
WARNING: qrcode 8.2 does not provide the extra 'svg'
WARNING:brew_updater:brew_updater: brew not found — Homebrew may not be installed
[pywebview] FOLDER_DIALOG is deprecated and will be removed in a future version. Use 'FileDialog.FOLDER' instead.
WARNING:pywebview:FOLDER_DIALOG is deprecated and will be removed in a future version. Use 'FileDialog.FOLDER' instead.
[pywebview] FOLDER_DIALOG is deprecated and will be removed in a future version. Use 'FileDialog.FOLDER' instead.
WARNING:pywebview:FOLDER_DIALOG is deprecated and will be removed in a future version. Use 'FileDialog.FOLDER' instead.
[pywebview] FOLDER_DIALOG is deprecated and will be removed in a future version. Use 'FileDialog.FOLDER' instead.
WARNING:pywebview:FOLDER_DIALOG is deprecated and will be removed in a future version. Use 'FileDialog.FOLDER' instead.
[pywebview] FOLDER_DIALOG is deprecated and will be removed in a future version. Use 'FileDialog.FOLDER' instead.
WARNING:pywebview:FOLDER_DIALOG is deprecated and will be removed in a future version. Use 'FileDialog.FOLDER' instead.
[pywebview] FOLDER_DIALOG is deprecated and will be removed in a future version. Use 'FileDialog.FOLDER' instead.
WARNING:pywebview:FOLDER_DIALOG is deprecated and will be removed in a future version. Use 'FileDialog.FOLDER' instead.
[pywebview] FOLDER_DIALOG is deprecated and will be removed in a future version. Use 'FileDialog.FOLDER' instead.
WARNING:pywebview:FOLDER_DIALOG is deprecated and will be removed in a future version. Use 'FileDialog.FOLDER' instead.
[pywebview] FOLDER_DIALOG is deprecated and will be removed in a future version. Use 'FileDialog.FOLDER' instead.
WARNING:pywebview:FOLDER_DIALOG is deprecated and will be removed in a future version. Use 'FileDialog.FOLDER' instead.
[pywebview] FOLDER_DIALOG is deprecated and will be removed in a future version. Use 'FileDialog.FOLDER' instead.
WARNING:pywebview:FOLDER_DIALOG is deprecated and will be removed in a future version. Use 'FileDialog.FOLDER' instead.
[pywebview] FOLDER_DIALOG is deprecated and will be removed in a future version. Use 'FileDialog.FOLDER' instead.
WARNING:pywebview:FOLDER_DIALOG is deprecated and will be removed in a future version. Use 'FileDialog.FOLDER' instead.
[pywebview] FOLDER_DIALOG is deprecated and will be removed in a future version. Use 'FileDialog.FOLDER' instead.
WARNING:pywebview:FOLDER_DIALOG is deprecated and will be removed in a future version. Use 'FileDialog.FOLDER' instead.
[pywebview] FOLDER_DIALOG is deprecated and will be removed in a future version. Use 'FileDialog.FOLDER' instead.
WARNING:pywebview:FOLDER_DIALOG is deprecated and will be removed in a future version. Use 'FileDialog.FOLDER' instead.
[pywebview] FOLDER_DIALOG is deprecated and will be removed in a future version. Use 'FileDialog.FOLDER' instead.
WARNING:pywebview:FOLDER_DIALOG is deprecated and will be removed in a future version. Use 'FileDialog.FOLDER' instead.
[pywebview] FOLDER_DIALOG is deprecated and will be removed in a future version. Use 'FileDialog.FOLDER' instead.
WARNING:pywebview:FOLDER_DIALOG is deprecated and will be removed in a future version. Use 'FileDialog.FOLDER' instead.
[pywebview] FOLDER_DIALOG is deprecated and will be removed in a future version. Use 'FileDialog.FOLDER' instead.
WARNING:pywebview:FOLDER_DIALOG is deprecated and will be removed in a future version. Use 'FileDialog.FOLDER' instead.
[pywebview] FOLDER_DIALOG is deprecated and will be removed in a future version. Use 'FileDialog.FOLDER' instead.
WARNING:pywebview:FOLDER_DIALOG is deprecated and will be removed in a future version. Use 'FileDialog.FOLDER' instead.
[pywebview] FOLDER_DIALOG is deprecated and will be removed in a future version. Use 'FileDialog.FOLDER' instead.
WARNING:pywebview:FOLDER_DIALOG is deprecated and will be removed in a future version. Use 'FileDialog.FOLDER' instead.
[pywebview] FOLDER_DIALOG is deprecated and will be removed in a future version. Use 'FileDialog.FOLDER' instead.
WARNING:pywebview:FOLDER_DIALOG is deprecated and will be removed in a future version. Use 'FileDialog.FOLDER' instead.
[pywebview] FOLDER_DIALOG is deprecated and will be removed in a future version. Use 'FileDialog.FOLDER' instead.
WARNING:pywebview:FOLDER_DIALOG is deprecated and will be removed in a future version. Use 'FileDialog.FOLDER' instead.
[pywebview] FOLDER_DIALOG is deprecated and will be removed in a future version. Use 'FileDialog.FOLDER' instead.
WARNING:pywebview:FOLDER_DIALOG is deprecated and will be removed in a future version. Use 'FileDialog.FOLDER' instead.
[pywebview] FOLDER_DIALOG is deprecated and will be removed in a future version. Use 'FileDialog.FOLDER' instead.
WARNING:pywebview:FOLDER_DIALOG is deprecated and will be removed in a future version. Use 'FileDialog.FOLDER' instead.
[pywebview] FOLDER_DIALOG is deprecated and will be removed in a future version. Use 'FileDialog.FOLDER' instead.
WARNING:pywebview:FOLDER_DIALOG is deprecated and will be removed in a future version. Use 'FileDialog.FOLDER' instead.
[pywebview] FOLDER_DIALOG is deprecated and will be removed in a future version. Use 'FileDialog.FOLDER' instead.
WARNING:pywebview:FOLDER_DIALOG is deprecated and will be removed in a future version. Use 'FileDialog.FOLDER' instead.
[pywebview] FOLDER_DIALOG is deprecated and will be removed in a future version. Use 'FileDialog.FOLDER' instead.
WARNING:pywebview:FOLDER_DIALOG is deprecated and will be removed in a future version. Use 'FileDialog.FOLDER' instead.
[pywebview] FOLDER_DIALOG is deprecated and will be removed in a future version. Use 'FileDialog.FOLDER' instead.
WARNING:pywebview:FOLDER_DIALOG is deprecated and will be removed in a future version. Use 'FileDialog.FOLDER' instead.
[pywebview] FOLDER_DIALOG is deprecated and will be removed in a future version. Use 'FileDialog.FOLDER' instead.
WARNING:pywebview:FOLDER_DIALOG is deprecated and will be removed in a future version. Use 'FileDialog.FOLDER' instead.
[pywebview] FOLDER_DIALOG is deprecated and will be removed in a future version. Use 'FileDialog.FOLDER' instead.
WARNING:pywebview:FOLDER_DIALOG is deprecated and will be removed in a future version. Use 'FileDialog.FOLDER' instead.
[pywebview] FOLDER_DIALOG is deprecated and will be removed in a future version. Use 'FileDialog.FOLDER' instead.
WARNING:pywebview:FOLDER_DIALOG is deprecated and will be removed in a future version. Use 'FileDialog.FOLDER' instead.
[pywebview] FOLDER_DIALOG is deprecated and will be removed in a future version. Use 'FileDialog.FOLDER' instead.
WARNING:pywebview:FOLDER_DIALOG is deprecated and will be removed in a future version. Use 'FileDialog.FOLDER' instead.
[pywebview] FOLDER_DIALOG is deprecated and will be removed in a future version. Use 'FileDialog.FOLDER' instead.
WARNING:pywebview:FOLDER_DIALOG is deprecated and will be removed in a future version. Use 'FileDialog.FOLDER' instead.
[pywebview] FOLDER_DIALOG is deprecated and will be removed in a future version. Use 'FileDialog.FOLDER' instead.
WARNING:pywebview:FOLDER_DIALOG is deprecated and will be removed in a future version. Use 'FileDialog.FOLDER' instead.
[pywebview] FOLDER_DIALOG is deprecated and will be removed in a future version. Use 'FileDialog.FOLDER' instead.
WARNING:pywebview:FOLDER_DIALOG is deprecated and will be removed in a future version. Use 'FileDialog.FOLDER' instead.
[pywebview] FOLDER_DIALOG is deprecated and will be removed in a future version. Use 'FileDialog.FOLDER' instead.
WARNING:pywebview:FOLDER_DIALOG is deprecated and will be removed in a future version. Use 'FileDialog.FOLDER' instead.
[pywebview] FOLDER_DIALOG is deprecated and will be removed in a future version. Use 'FileDialog.FOLDER' instead.
WARNING:pywebview:FOLDER_DIALOG is deprecated and will be removed in a future version. Use 'FileDialog.FOLDER' instead.
[pywebview] FOLDER_DIALOG is deprecated and will be removed in a future version. Use 'FileDialog.FOLDER' instead.
WARNING:pywebview:FOLDER_DIALOG is deprecated and will be removed in a future version. Use 'FileDialog.FOLDER' instead.
[pywebview] FOLDER_DIALOG is deprecated and will be removed in a future version. Use 'FileDialog.FOLDER' instead.
WARNING:pywebview:FOLDER_DIALOG is deprecated and will be removed in a future version. Use 'FileDialog.FOLDER' instead.
[pywebview] FOLDER_DIALOG is deprecated and will be removed in a future version. Use 'FileDialog.FOLDER' instead.
WARNING:pywebview:FOLDER_DIALOG is deprecated and will be removed in a future version. Use 'FileDialog.FOLDER' instead.
[pywebview] FOLDER_DIALOG is deprecated and will be removed in a future version. Use 'FileDialog.FOLDER' instead.
WARNING:pywebview:FOLDER_DIALOG is deprecated and will be removed in a future version. Use 'FileDialog.FOLDER' instead.
[pywebview] FOLDER_DIALOG is deprecated and will be removed in a future version. Use 'FileDialog.FOLDER' instead.
WARNING:pywebview:FOLDER_DIALOG is deprecated and will be removed in a future version. Use 'FileDialog.FOLDER' instead.
[pywebview] FOLDER_DIALOG is deprecated and will be removed in a future version. Use 'FileDialog.FOLDER' instead.
WARNING:pywebview:FOLDER_DIALOG is deprecated and will be removed in a future version. Use 'FileDialog.FOLDER' instead.
[pywebview] FOLDER_DIALOG is deprecated and will be removed in a future version. Use 'FileDialog.FOLDER' instead.
WARNING:pywebview:FOLDER_DIALOG is deprecated and will be removed in a future version. Use 'FileDialog.FOLDER' instead.
[pywebview] FOLDER_DIALOG is deprecated and will be removed in a future version. Use 'FileDialog.FOLDER' instead.
WARNING:pywebview:FOLDER_DIALOG is deprecated and will be removed in a future version. Use 'FileDialog.FOLDER' instead.
[pywebview] FOLDER_DIALOG is deprecated and will be removed in a future version. Use 'FileDialog.FOLDER' instead.
WARNING:pywebview:FOLDER_DIALOG is deprecated and will be removed in a future version. Use 'FileDialog.FOLDER' instead.
[pywebview] FOLDER_DIALOG is deprecated and will be removed in a future version. Use 'FileDialog.FOLDER' instead.
WARNING:pywebview:FOLDER_DIALOG is deprecated and will be removed in a future version. Use 'FileDialog.FOLDER' instead.
[pywebview] FOLDER_DIALOG is deprecated and will be removed in a future version. Use 'FileDialog.FOLDER' instead.
WARNING:pywebview:FOLDER_DIALOG is deprecated and will be removed in a future version. Use 'FileDialog.FOLDER' instead.
[pywebview] FOLDER_DIALOG is deprecated and will be removed in a future version. Use 'FileDialog.FOLDER' instead.
WARNING:pywebview:FOLDER_DIALOG is deprecated and will be removed in a future version. Use 'FileDialog.FOLDER' instead.
[pywebview] FOLDER_DIALOG is deprecated and will be removed in a future version. Use 'FileDialog.FOLDER' instead.
WARNING:pywebview:FOLDER_DIALOG is deprecated and will be removed in a future version. Use 'FileDialog.FOLDER' instead.
[pywebview] FOLDER_DIALOG is deprecated and will be removed in a future version. Use 'FileDialog.FOLDER' instead.
WARNING:pywebview:FOLDER_DIALOG is deprecated and will be removed in a future version. Use 'FileDialog.FOLDER' instead.
[pywebview] FOLDER_DIALOG is deprecated and will be removed in a future version. Use 'FileDialog.FOLDER' instead.
WARNING:pywebview:FOLDER_DIALOG is deprecated and will be removed in a future version. Use 'FileDialog.FOLDER' instead.
[pywebview] FOLDER_DIALOG is deprecated and will be removed in a future version. Use 'FileDialog.FOLDER' instead.
WARNING:pywebview:FOLDER_DIALOG is deprecated and will be removed in a future version. Use 'FileDialog.FOLDER' instead.
[pywebview] FOLDER_DIALOG is deprecated and will be removed in a future version. Use 'FileDialog.FOLDER' instead.
WARNING:pywebview:FOLDER_DIALOG is deprecated and will be removed in a future version. Use 'FileDialog.FOLDER' instead.
[pywebview] FOLDER_DIALOG is deprecated and will be removed in a future version. Use 'FileDialog.FOLDER' instead.
WARNING:pywebview:FOLDER_DIALOG is deprecated and will be removed in a future version. Use 'FileDialog.FOLDER' instead.
[pywebview] FOLDER_DIALOG is deprecated and will be removed in a future version. Use 'FileDialog.FOLDER' instead.
WARNING:pywebview:FOLDER_DIALOG is deprecated and will be removed in a future version. Use 'FileDialog.FOLDER' instead.
[pywebview] FOLDER_DIALOG is deprecated and will be removed in a future version. Use 'FileDialog.FOLDER' instead.
WARNING:pywebview:FOLDER_DIALOG is deprecated and will be removed in a future version. Use 'FileDialog.FOLDER' instead.
[pywebview] FOLDER_DIALOG is deprecated and will be removed in a future version. Use 'FileDialog.FOLDER' instead.
WARNING:pywebview:FOLDER_DIALOG is deprecated and will be removed in a future version. Use 'FileDialog.FOLDER' instead.
[pywebview] FOLDER_DIALOG is deprecated and will be removed in a future version. Use 'FileDialog.FOLDER' instead.
WARNING:pywebview:FOLDER_DIALOG is deprecated and will be removed in a future version. Use 'FileDialog.FOLDER' instead.
[pywebview] FOLDER_DIALOG is deprecated and will be removed in a future version. Use 'FileDialog.FOLDER' instead.
WARNING:pywebview:FOLDER_DIALOG is deprecated and will be removed in a future version. Use 'FileDialog.FOLDER' instead.
[pywebview] FOLDER_DIALOG is deprecated and will be removed in a future version. Use 'FileDialog.FOLDER' instead.
WARNING:pywebview:FOLDER_DIALOG is deprecated and will be removed in a future version. Use 'FileDialog.FOLDER' instead.
[pywebview] FOLDER_DIALOG is deprecated and will be removed in a future version. Use 'FileDialog.FOLDER' instead.
WARNING:pywebview:FOLDER_DIALOG is deprecated and will be removed in a future version. Use 'FileDialog.FOLDER' instead.
[pywebview] FOLDER_DIALOG is deprecated and will be removed in a future version. Use 'FileDialog.FOLDER' instead.
WARNING:pywebview:FOLDER_DIALOG is deprecated and will be removed in a future version. Use 'FileDialog.FOLDER' instead.
[pywebview] FOLDER_DIALOG is deprecated and will be removed in a future version. Use 'FileDialog.FOLDER' instead.
WARNING:pywebview:FOLDER_DIALOG is deprecated and will be removed in a future version. Use 'FileDialog.FOLDER' instead.
[pywebview] FOLDER_DIALOG is deprecated and will be removed in a future version. Use 'FileDialog.FOLDER' instead.
WARNING:pywebview:FOLDER_DIALOG is deprecated and will be removed in a future version. Use 'FileDialog.FOLDER' instead.
[pywebview] FOLDER_DIALOG is deprecated and will be removed in a future version. Use 'FileDialog.FOLDER' instead.
WARNING:pywebview:FOLDER_DIALOG is deprecated and will be removed in a future version. Use 'FileDialog.FOLDER' instead.
[pywebview] FOLDER_DIALOG is deprecated and will be removed in a future version. Use 'FileDialog.FOLDER' instead.
WARNING:pywebview:FOLDER_DIALOG is deprecated and will be removed in a future version. Use 'FileDialog.FOLDER' instead.
[pywebview] FOLDER_DIALOG is deprecated and will be removed in a future version. Use 'FileDialog.FOLDER' instead.
WARNING:pywebview:FOLDER_DIALOG is deprecated and will be removed in a future version. Use 'FileDialog.FOLDER' instead.
WARNING: qrcode 8.2 does not provide the extra 'svg'
[pywebview] FOLDER_DIALOG is deprecated and will be removed in a future version. Use 'FileDialog.FOLDER' instead.
WARNING:pywebview:FOLDER_DIALOG is deprecated and will be removed in a future version. Use 'FileDialog.FOLDER' instead.
[pywebview] FOLDER_DIALOG is deprecated and will be removed in a future version. Use 'FileDialog.FOLDER' instead.
WARNING:pywebview:FOLDER_DIALOG is deprecated and will be removed in a future version. Use 'FileDialog.FOLDER' instead.
[pywebview] FOLDER_DIALOG is deprecated and will be removed in a future version. Use 'FileDialog.FOLDER' instead.
WARNING:pywebview:FOLDER_DIALOG is deprecated and will be removed in a future version. Use 'FileDialog.FOLDER' instead.
[pywebview] FOLDER_DIALOG is deprecated and will be removed in a future version. Use 'FileDialog.FOLDER' instead.
WARNING:pywebview:FOLDER_DIALOG is deprecated and will be removed in a future version. Use 'FileDialog.FOLDER' instead.
WARNING:brew_updater:brew_updater: brew not found — Homebrew may not be installed
[pywebview] FOLDER_DIALOG is deprecated and will be removed in a future version. Use 'FileDialog.FOLDER' instead.
WARNING:pywebview:FOLDER_DIALOG is deprecated and will be removed in a future version. Use 'FileDialog.FOLDER' instead.
[pywebview] FOLDER_DIALOG is deprecated and will be removed in a future version. Use 'FileDialog.FOLDER' instead.
WARNING:pywebview:FOLDER_DIALOG is deprecated and will be removed in a future version. Use 'FileDialog.FOLDER' instead.
[pywebview] FOLDER_DIALOG is deprecated and will be removed in a future version. Use 'FileDialog.FOLDER' instead.
WARNING:pywebview:FOLDER_DIALOG is deprecated and will be removed in a future version. Use 'FileDialog.FOLDER' instead.
[pywebview] FOLDER_DIALOG is deprecated and will be removed in a future version. Use 'FileDialog.FOLDER' instead.
WARNING:pywebview:FOLDER_DIALOG is deprecated and will be removed in a future version. Use 'FileDialog.FOLDER' instead.
[pywebview] FOLDER_DIALOG is deprecated and will be removed in a future version. Use 'FileDialog.FOLDER' instead.
WARNING:pywebview:FOLDER_DIALOG is deprecated and will be removed in a future version. Use 'FileDialog.FOLDER' instead.
[pywebview] FOLDER_DIALOG is deprecated and will be removed in a future version. Use 'FileDialog.FOLDER' instead.
WARNING:pywebview:FOLDER_DIALOG is deprecated and will be removed in a future version. Use 'FileDialog.FOLDER' instead.
[pywebview] FOLDER_DIALOG is deprecated and will be removed in a future version. Use 'FileDialog.FOLDER' instead.
WARNING:pywebview:FOLDER_DIALOG is deprecated and will be removed in a future version. Use 'FileDialog.FOLDER' instead.
[pywebview] FOLDER_DIALOG is deprecated and will be removed in a future version. Use 'FileDialog.FOLDER' instead.
WARNING:pywebview:FOLDER_DIALOG is deprecated and will be removed in a future version. Use 'FileDialog.FOLDER' instead.
[pywebview] FOLDER_DIALOG is deprecated and will be removed in a future version. Use 'FileDialog.FOLDER' instead.
WARNING:pywebview:FOLDER_DIALOG is deprecated and will be removed in a future version. Use 'FileDialog.FOLDER' instead.
[pywebview] FOLDER_DIALOG is deprecated and will be removed in a future version. Use 'FileDialog.FOLDER' instead.
WARNING:pywebview:FOLDER_DIALOG is deprecated and will be removed in a future version. Use 'FileDialog.FOLDER' instead.
[pywebview] FOLDER_DIALOG is deprecated and will be removed in a future version. Use 'FileDialog.FOLDER' instead.
WARNING:pywebview:FOLDER_DIALOG is deprecated and will be removed in a future version. Use 'FileDialog.FOLDER' instead.
[pywebview] FOLDER_DIALOG is deprecated and will be removed in a future version. Use 'FileDialog.FOLDER' instead.
WARNING:pywebview:FOLDER_DIALOG is deprecated and will be removed in a future version. Use 'FileDialog.FOLDER' instead.
[pywebview] FOLDER_DIALOG is deprecated and will be removed in a future version. Use 'FileDialog.FOLDER' instead.
WARNING:pywebview:FOLDER_DIALOG is deprecated and will be removed in a future version. Use 'FileDialog.FOLDER' instead.
[pywebview] FOLDER_DIALOG is deprecated and will be removed in a future version. Use 'FileDialog.FOLDER' instead.
WARNING:pywebview:FOLDER_DIALOG is deprecated and will be removed in a future version. Use 'FileDialog.FOLDER' instead.
[pywebview] FOLDER_DIALOG is deprecated and will be removed in a future version. Use 'FileDialog.FOLDER' instead.
WARNING:pywebview:FOLDER_DIALOG is deprecated and will be removed in a future version. Use 'FileDialog.FOLDER' instead.
[pywebview] FOLDER_DIALOG is deprecated and will be removed in a future version. Use 'FileDialog.FOLDER' instead.
WARNING:pywebview:FOLDER_DIALOG is deprecated and will be removed in a future version. Use 'FileDialog.FOLDER' instead.
WARNING: qrcode 8.2 does not provide the extra 'svg'
WARNING:brew_updater:brew_updater: brew not found — Homebrew may not be installed
[pywebview] FOLDER_DIALOG is deprecated and will be removed in a future version. Use 'FileDialog.FOLDER' instead.
WARNING:pywebview:FOLDER_DIALOG is deprecated and will be removed in a future version. Use 'FileDialog.FOLDER' instead.
[pywebview] FOLDER_DIALOG is deprecated and will be removed in a future version. Use 'FileDialog.FOLDER' instead.
WARNING:pywebview:FOLDER_DIALOG is deprecated and will be removed in a future version. Use 'FileDialog.FOLDER' instead.
[pywebview] FOLDER_DIALOG is deprecated and will be removed in a future version. Use 'FileDialog.FOLDER' instead.
WARNING:pywebview:FOLDER_DIALOG is deprecated and will be removed in a future version. Use 'FileDialog.FOLDER' instead.
[pywebview] FOLDER_DIALOG is deprecated and will be removed in a future version. Use 'FileDialog.FOLDER' instead.
WARNING:pywebview:FOLDER_DIALOG is deprecated and will be removed in a future version. Use 'FileDialog.FOLDER' instead.
[pywebview] FOLDER_DIALOG is deprecated and will be removed in a future version. Use 'FileDialog.FOLDER' instead.
WARNING:pywebview:FOLDER_DIALOG is deprecated and will be removed in a future version. Use 'FileDialog.FOLDER' instead.
[pywebview] FOLDER_DIALOG is deprecated and will be removed in a future version. Use 'FileDialog.FOLDER' instead.
WARNING:pywebview:FOLDER_DIALOG is deprecated and will be removed in a future version. Use 'FileDialog.FOLDER' instead.
[pywebview] FOLDER_DIALOG is deprecated and will be removed in a future version. Use 'FileDialog.FOLDER' instead.
WARNING:pywebview:FOLDER_DIALOG is deprecated and will be removed in a future version. Use 'FileDialog.FOLDER' instead.
[pywebview] FOLDER_DIALOG is deprecated and will be removed in a future version. Use 'FileDialog.FOLDER' instead.
WARNING:pywebview:FOLDER_DIALOG is deprecated and will be removed in a future version. Use 'FileDialog.FOLDER' instead.
[pywebview] FOLDER_DIALOG is deprecated and will be removed in a future version. Use 'FileDialog.FOLDER' instead.
WARNING:pywebview:FOLDER_DIALOG is deprecated and will be removed in a future version. Use 'FileDialog.FOLDER' instead.
[pywebview] FOLDER_DIALOG is deprecated and will be removed in a future version. Use 'FileDialog.FOLDER' instead.
WARNING:pywebview:FOLDER_DIALOG is deprecated and will be removed in a future version. Use 'FileDialog.FOLDER' instead.
[pywebview] FOLDER_DIALOG is deprecated and will be removed in a future version. Use 'FileDialog.FOLDER' instead.
WARNING:pywebview:FOLDER_DIALOG is deprecated and will be removed in a future version. Use 'FileDialog.FOLDER' instead.
[pywebview] FOLDER_DIALOG is deprecated and will be removed in a future version. Use 'FileDialog.FOLDER' instead.
WARNING:pywebview:FOLDER_DIALOG is deprecated and will be removed in a future version. Use 'FileDialog.FOLDER' instead.
/Volumes/DJMT/FABLEDHARBINGER/GIT_REPOS/FableGear/launch_local.sh: line 62: /Volumes/DJMT/FABLEDHARBINGER/GIT_REPOS/FableGear/.venv/bin/pip: No such file or directory
/Volumes/DJMT/FABLEDHARBINGER/GIT_REPOS/FableGear/launch_local.sh: line 63: /Volumes/DJMT/FABLEDHARBINGER/GIT_REPOS/FableGear/.venv/bin/pip: No such file or directory
ERROR:app:Exception on /api/library/playlists [GET]
Traceback (most recent call last):
  File "/Volumes/DJMT/FABLEDHARBINGER/GIT_REPOS/FableGear/.venv/lib/python3.13/site-packages/flask/app.py", line 1511, in wsgi_app
    response = self.full_dispatch_request()
  File "/Volumes/DJMT/FABLEDHARBINGER/GIT_REPOS/FableGear/.venv/lib/python3.13/site-packages/flask/app.py", line 919, in full_dispatch_request
    rv = self.handle_user_exception(e)
  File "/Volumes/DJMT/FABLEDHARBINGER/GIT_REPOS/FableGear/.venv/lib/python3.13/site-packages/flask/app.py", line 917, in full_dispatch_request
    rv = self.dispatch_request()
  File "/Volumes/DJMT/FABLEDHARBINGER/GIT_REPOS/FableGear/.venv/lib/python3.13/site-packages/flask/app.py", line 902, in dispatch_request
    return self.ensure_sync(self.view_functions[rule.endpoint])(**view_args)  # type: ignore[no-any-return]
           ~~~~~~~~~~~~~~~~~~~~~~~~~~~~~~~~~~~~~~~~~~~~~~~~~~~~^^^^^^^^^^^^^
  File "/Volumes/DJMT/FABLEDHARBINGER/GIT_REPOS/FableGear/routes_player.py", line 335, in api_library_playlists
    from db_connection import read_db  # noqa: PLC0415
    ^^^^^^^^^^^^^^^^^^^^^^^^^^^^^^^^^
ImportError: cannot import name 'read_db' from 'db_connection' (/Volumes/DJMT/FABLEDHARBINGER/GIT_REPOS/FableGear/db_connection.py)
/Volumes/DJMT/FABLEDHARBINGER/GIT_REPOS/FableGear/launch_local.sh: line 62: /Volumes/DJMT/FABLEDHARBINGER/GIT_REPOS/FableGear/.venv/bin/pip: No such file or directory
/Volumes/DJMT/FABLEDHARBINGER/GIT_REPOS/FableGear/launch_local.sh: line 63: /Volumes/DJMT/FABLEDHARBINGER/GIT_REPOS/FableGear/.venv/bin/pip: No such file or directory
ERROR:app:Exception on /api/library/playlists [GET]
Traceback (most recent call last):
  File "/Volumes/DJMT/FABLEDHARBINGER/GIT_REPOS/FableGear/.venv/lib/python3.13/site-packages/flask/app.py", line 1511, in wsgi_app
    response = self.full_dispatch_request()
  File "/Volumes/DJMT/FABLEDHARBINGER/GIT_REPOS/FableGear/.venv/lib/python3.13/site-packages/flask/app.py", line 919, in full_dispatch_request
    rv = self.handle_user_exception(e)
  File "/Volumes/DJMT/FABLEDHARBINGER/GIT_REPOS/FableGear/.venv/lib/python3.13/site-packages/flask/app.py", line 917, in full_dispatch_request
    rv = self.dispatch_request()
  File "/Volumes/DJMT/FABLEDHARBINGER/GIT_REPOS/FableGear/.venv/lib/python3.13/site-packages/flask/app.py", line 902, in dispatch_request
    return self.ensure_sync(self.view_functions[rule.endpoint])(**view_args)  # type: ignore[no-any-return]
           ~~~~~~~~~~~~~~~~~~~~~~~~~~~~~~~~~~~~~~~~~~~~~~~~~~~~^^^^^^^^^^^^^
  File "/Volumes/DJMT/FABLEDHARBINGER/GIT_REPOS/FableGear/routes_player.py", line 335, in api_library_playlists
    from db_connection import read_db  # noqa: PLC0415
    ^^^^^^^^^^^^^^^^^^^^^^^^^^^^^^^^^
ImportError: cannot import name 'read_db' from 'db_connection' (/Volumes/DJMT/FABLEDHARBINGER/GIT_REPOS/FableGear/db_connection.py)
/Volumes/DJMT/FABLEDHARBINGER/GIT_REPOS/FableGear/launch_local.sh: line 62: /Volumes/DJMT/FABLEDHARBINGER/GIT_REPOS/FableGear/.venv/bin/pip: No such file or directory
/Volumes/DJMT/FABLEDHARBINGER/GIT_REPOS/FableGear/launch_local.sh: line 63: /Volumes/DJMT/FABLEDHARBINGER/GIT_REPOS/FableGear/.venv/bin/pip: No such file or directory
ERROR:app:Exception on /api/library/playlists [GET]
Traceback (most recent call last):
  File "/Volumes/DJMT/FABLEDHARBINGER/GIT_REPOS/FableGear/.venv/lib/python3.13/site-packages/flask/app.py", line 1511, in wsgi_app
    response = self.full_dispatch_request()
  File "/Volumes/DJMT/FABLEDHARBINGER/GIT_REPOS/FableGear/.venv/lib/python3.13/site-packages/flask/app.py", line 919, in full_dispatch_request
    rv = self.handle_user_exception(e)
  File "/Volumes/DJMT/FABLEDHARBINGER/GIT_REPOS/FableGear/.venv/lib/python3.13/site-packages/flask/app.py", line 917, in full_dispatch_request
    rv = self.dispatch_request()
  File "/Volumes/DJMT/FABLEDHARBINGER/GIT_REPOS/FableGear/.venv/lib/python3.13/site-packages/flask/app.py", line 902, in dispatch_request
    return self.ensure_sync(self.view_functions[rule.endpoint])(**view_args)  # type: ignore[no-any-return]
           ~~~~~~~~~~~~~~~~~~~~~~~~~~~~~~~~~~~~~~~~~~~~~~~~~~~~^^^^^^^^^^^^^
  File "/Volumes/DJMT/FABLEDHARBINGER/GIT_REPOS/FableGear/routes_player.py", line 335, in api_library_playlists
    from db_connection import read_db  # noqa: PLC0415
    ^^^^^^^^^^^^^^^^^^^^^^^^^^^^^^^^^
ImportError: cannot import name 'read_db' from 'db_connection' (/Volumes/DJMT/FABLEDHARBINGER/GIT_REPOS/FableGear/db_connection.py)
/Volumes/DJMT/FABLEDHARBINGER/GIT_REPOS/FableGear/launch_local.sh: line 62: /Volumes/DJMT/FABLEDHARBINGER/GIT_REPOS/FableGear/.venv/bin/pip: No such file or directory
/Volumes/DJMT/FABLEDHARBINGER/GIT_REPOS/FableGear/launch_local.sh: line 63: /Volumes/DJMT/FABLEDHARBINGER/GIT_REPOS/FableGear/.venv/bin/pip: No such file or directory
ERROR:app:Exception on /api/library/playlists [GET]
Traceback (most recent call last):
  File "/Volumes/DJMT/FABLEDHARBINGER/GIT_REPOS/FableGear/.venv/lib/python3.13/site-packages/flask/app.py", line 1511, in wsgi_app
    response = self.full_dispatch_request()
  File "/Volumes/DJMT/FABLEDHARBINGER/GIT_REPOS/FableGear/.venv/lib/python3.13/site-packages/flask/app.py", line 919, in full_dispatch_request
    rv = self.handle_user_exception(e)
  File "/Volumes/DJMT/FABLEDHARBINGER/GIT_REPOS/FableGear/.venv/lib/python3.13/site-packages/flask/app.py", line 917, in full_dispatch_request
    rv = self.dispatch_request()
  File "/Volumes/DJMT/FABLEDHARBINGER/GIT_REPOS/FableGear/.venv/lib/python3.13/site-packages/flask/app.py", line 902, in dispatch_request
    return self.ensure_sync(self.view_functions[rule.endpoint])(**view_args)  # type: ignore[no-any-return]
           ~~~~~~~~~~~~~~~~~~~~~~~~~~~~~~~~~~~~~~~~~~~~~~~~~~~~^^^^^^^^^^^^^
  File "/Volumes/DJMT/FABLEDHARBINGER/GIT_REPOS/FableGear/routes_player.py", line 335, in api_library_playlists
    from db_connection import read_db  # noqa: PLC0415
    ^^^^^^^^^^^^^^^^^^^^^^^^^^^^^^^^^
ImportError: cannot import name 'read_db' from 'db_connection' (/Volumes/DJMT/FABLEDHARBINGER/GIT_REPOS/FableGear/db_connection.py)
ERROR:app:Exception on /api/rename/probe [GET]
Traceback (most recent call last):
  File "/Volumes/DJMT/FABLEDHARBINGER/GIT_REPOS/FableGear/config.py", line 30, in <module>
    _cfg = load_user_config()
  File "/Volumes/DJMT/FABLEDHARBINGER/GIT_REPOS/FableGear/user_config.py", line 112, in load_user_config
    raise NotConfiguredError(
    ...<3 lines>...
    )
user_config.NotConfiguredError: rekordbox-toolkit has not been configured yet.
  Config expected at: /Users/camalama/.fablegear/config.json
  Run:  python3 cli.py setup

The above exception was the direct cause of the following exception:

Traceback (most recent call last):
  File "/Volumes/DJMT/FABLEDHARBINGER/GIT_REPOS/FableGear/.venv/lib/python3.13/site-packages/flask/app.py", line 1511, in wsgi_app
    response = self.full_dispatch_request()
  File "/Volumes/DJMT/FABLEDHARBINGER/GIT_REPOS/FableGear/.venv/lib/python3.13/site-packages/flask/app.py", line 919, in full_dispatch_request
    rv = self.handle_user_exception(e)
  File "/Volumes/DJMT/FABLEDHARBINGER/GIT_REPOS/FableGear/.venv/lib/python3.13/site-packages/flask/app.py", line 917, in full_dispatch_request
    rv = self.dispatch_request()
  File "/Volumes/DJMT/FABLEDHARBINGER/GIT_REPOS/FableGear/.venv/lib/python3.13/site-packages/flask/app.py", line 902, in dispatch_request
    return self.ensure_sync(self.view_functions[rule.endpoint])(**view_args)  # type: ignore[no-any-return]
           ~~~~~~~~~~~~~~~~~~~~~~~~~~~~~~~~~~~~~~~~~~~~~~~~~~~~^^^^^^^^^^^^^
  File "/Volumes/DJMT/FABLEDHARBINGER/GIT_REPOS/FableGear/routes_tools.py", line 648, in api_rename_probe
    from renamer import probe_ambiguous  # noqa: PLC0415
    ^^^^^^^^^^^^^^^^^^^^^^^^^^^^^^^^^^^
  File "/Volumes/DJMT/FABLEDHARBINGER/GIT_REPOS/FableGear/renamer.py", line 56, in <module>
    from config import AUDIO_EXTENSIONS, BATCH_SIZE, SKIP_DIRS, SKIP_PREFIXES
  File "/Volumes/DJMT/FABLEDHARBINGER/GIT_REPOS/FableGear/config.py", line 32, in <module>
    raise RuntimeError(str(_exc)) from _exc
RuntimeError: rekordbox-toolkit has not been configured yet.
  Config expected at: /Users/camalama/.fablegear/config.json
  Run:  python3 cli.py setup
/Volumes/DJMT/FABLEDHARBINGER/GIT_REPOS/FableGear/launch_local.sh: line 62: /Volumes/DJMT/FABLEDHARBINGER/GIT_REPOS/FableGear/.venv/bin/pip: No such file or directory
/Volumes/DJMT/FABLEDHARBINGER/GIT_REPOS/FableGear/launch_local.sh: line 63: /Volumes/DJMT/FABLEDHARBINGER/GIT_REPOS/FableGear/.venv/bin/pip: No such file or directory
[00:55:07] pyrekordbox.db6.database:WARNING  - Rekordbox is running!
WARNING:pyrekordbox.db6.database:Rekordbox is running!
[00:55:07] pyrekordbox.db6.database:WARNING  - Rekordbox is running!
WARNING:pyrekordbox.db6.database:Rekordbox is running!
[00:55:19] pyrekordbox.db6.database:WARNING  - Rekordbox is running!
WARNING:pyrekordbox.db6.database:Rekordbox is running!
/Volumes/DJMT/FABLEDHARBINGER/GIT_REPOS/FableGear/launch_local.sh: line 62: /Volumes/DJMT/FABLEDHARBINGER/GIT_REPOS/FableGear/.venv/bin/pip: No such file or directory
/Volumes/DJMT/FABLEDHARBINGER/GIT_REPOS/FableGear/launch_local.sh: line 63: /Volumes/DJMT/FABLEDHARBINGER/GIT_REPOS/FableGear/.venv/bin/pip: No such file or directory
[00:59:38] pyrekordbox.db6.database:WARNING  - Rekordbox is running!
WARNING:pyrekordbox.db6.database:Rekordbox is running!
[00:59:38] pyrekordbox.db6.database:WARNING  - Rekordbox is running!
WARNING:pyrekordbox.db6.database:Rekordbox is running!
[01:04:47] pyrekordbox.db6.database:WARNING  - Rekordbox is running!
WARNING:pyrekordbox.db6.database:Rekordbox is running!
