WARNING: qrcode 8.2 does not provide the extra 'svg'
WARNING:brew_updater:brew_updater: brew not found — Homebrew may not be installed
WARNING: qrcode 8.2 does not provide the extra 'svg'
WARNING:brew_updater:brew_updater: brew not found — Homebrew may not be installed
WARNING: qrcode 8.2 does not provide the extra 'svg'
WARNING:brew_updater:brew_updater: brew not found — Homebrew may not be installed
WARNING:waitress.queue:Task queue depth is 1
WARNING:waitress.queue:Task queue depth is 1
WARNING:waitress.queue:Task queue depth is 1
WARNING:waitress.queue:Task queue depth is 2
WARNING:waitress.queue:Task queue depth is 3
WARNING:waitress.queue:Task queue depth is 4
WARNING:waitress.queue:Task queue depth is 1
WARNING: qrcode 8.2 does not provide the extra 'svg'
WARNING: qrcode 8.2 does not provide the extra 'svg'
WARNING:brew_updater:brew_updater: brew not found — Homebrew may not be installed
[pywebview] FOLDER_DIALOG is deprecated and will be removed in a future version. Use 'FileDialog.FOLDER' instead.
WARNING:pywebview:FOLDER_DIALOG is deprecated and will be removed in a future version. Use 'FileDialog.FOLDER' instead.
[pywebview] FOLDER_DIALOG is deprecated and will be removed in a future version. Use 'FileDialog.FOLDER' instead.
WARNING:pywebview:FOLDER_DIALOG is deprecated and will be removed in a future version. Use 'FileDialog.FOLDER' instead.
[pywebview] FOLDER_DIALOG is deprecated and will be removed in a future version. Use 'FileDialog.FOLDER' instead.
WARNING:pywebview:FOLDER_DIALOG is deprecated and will be removed in a future version. Use 'FileDialog.FOLDER' instead.
[pywebview] FOLDER_DIALOG is deprecated and will be removed in a future version. Use 'FileDialog.FOLDER' instead.
WARNING:pywebview:FOLDER_DIALOG is deprecated and will be removed in a future version. Use 'FileDialog.FOLDER' instead.
[pywebview] FOLDER_DIALOG is deprecated and will be removed in a future version. Use 'FileDialog.FOLDER' instead.
WARNING:pywebview:FOLDER_DIALOG is deprecated and will be removed in a future version. Use 'FileDialog.FOLDER' instead.
[pywebview] FOLDER_DIALOG is deprecated and will be removed in a future version. Use 'FileDialog.FOLDER' instead.
WARNING:pywebview:FOLDER_DIALOG is deprecated and will be removed in a future version. Use 'FileDialog.FOLDER' instead.
[pywebview] FOLDER_DIALOG is deprecated and will be removed in a future version. Use 'FileDialog.FOLDER' instead.
WARNING:pywebview:FOLDER_DIALOG is deprecated and will be removed in a future version. Use 'FileDialog.FOLDER' instead.
[pywebview] FOLDER_DIALOG is deprecated and will be removed in a future version. Use 'FileDialog.FOLDER' instead.
WARNING:pywebview:FOLDER_DIALOG is deprecated and will be removed in a future version. Use 'FileDialog.FOLDER' instead.
[pywebview] FOLDER_DIALOG is deprecated and will be removed in a future version. Use 'FileDialog.FOLDER' instead.
WARNING:pywebview:FOLDER_DIALOG is deprecated and will be removed in a future version. Use 'FileDialog.FOLDER' instead.
[pywebview] FOLDER_DIALOG is deprecated and will be removed in a future version. Use 'FileDialog.FOLDER' instead.
WARNING:pywebview:FOLDER_DIALOG is deprecated and will be removed in a future version. Use 'FileDialog.FOLDER' instead.
[pywebview] FOLDER_DIALOG is deprecated and will be removed in a future version. Use 'FileDialog.FOLDER' instead.
WARNING:pywebview:FOLDER_DIALOG is deprecated and will be removed in a future version. Use 'FileDialog.FOLDER' instead.
[pywebview] FOLDER_DIALOG is deprecated and will be removed in a future version. Use 'FileDialog.FOLDER' instead.
WARNING:pywebview:FOLDER_DIALOG is deprecated and will be removed in a future version. Use 'FileDialog.FOLDER' instead.
[pywebview] FOLDER_DIALOG is deprecated and will be removed in a future version. Use 'FileDialog.FOLDER' instead.
WARNING:pywebview:FOLDER_DIALOG is deprecated and will be removed in a future version. Use 'FileDialog.FOLDER' instead.
[pywebview] FOLDER_DIALOG is deprecated and will be removed in a future version. Use 'FileDialog.FOLDER' instead.
WARNING:pywebview:FOLDER_DIALOG is deprecated and will be removed in a future version. Use 'FileDialog.FOLDER' instead.
[pywebview] FOLDER_DIALOG is deprecated and will be removed in a future version. Use 'FileDialog.FOLDER' instead.
WARNING:pywebview:FOLDER_DIALOG is deprecated and will be removed in a future version. Use 'FileDialog.FOLDER' instead.
[pywebview] FOLDER_DIALOG is deprecated and will be removed in a future version. Use 'FileDialog.FOLDER' instead.
WARNING:pywebview:FOLDER_DIALOG is deprecated and will be removed in a future version. Use 'FileDialog.FOLDER' instead.
[pywebview] FOLDER_DIALOG is deprecated and will be removed in a future version. Use 'FileDialog.FOLDER' instead.
WARNING:pywebview:FOLDER_DIALOG is deprecated and will be removed in a future version. Use 'FileDialog.FOLDER' instead.
[pywebview] FOLDER_DIALOG is deprecated and will be removed in a future version. Use 'FileDialog.FOLDER' instead.
WARNING:pywebview:FOLDER_DIALOG is deprecated and will be removed in a future version. Use 'FileDialog.FOLDER' instead.
[pywebview] FOLDER_DIALOG is deprecated and will be removed in a future version. Use 'FileDialog.FOLDER' instead.
WARNING:pywebview:FOLDER_DIALOG is deprecated and will be removed in a future version. Use 'FileDialog.FOLDER' instead.
[pywebview] FOLDER_DIALOG is deprecated and will be removed in a future version. Use 'FileDialog.FOLDER' instead.
WARNING:pywebview:FOLDER_DIALOG is deprecated and will be removed in a future version. Use 'FileDialog.FOLDER' instead.
[pywebview] FOLDER_DIALOG is deprecated and will be removed in a future version. Use 'FileDialog.FOLDER' instead.
WARNING:pywebview:FOLDER_DIALOG is deprecated and will be removed in a future version. Use 'FileDialog.FOLDER' instead.
[pywebview] FOLDER_DIALOG is deprecated and will be removed in a future version. Use 'FileDialog.FOLDER' instead.
WARNING:pywebview:FOLDER_DIALOG is deprecated and will be removed in a future version. Use 'FileDialog.FOLDER' instead.
[pywebview] FOLDER_DIALOG is deprecated and will be removed in a future version. Use 'FileDialog.FOLDER' instead.
WARNING:pywebview:FOLDER_DIALOG is deprecated and will be removed in a future version. Use 'FileDialog.FOLDER' instead.
[pywebview] FOLDER_DIALOG is deprecated and will be removed in a future version. Use 'FileDialog.FOLDER' instead.
WARNING:pywebview:FOLDER_DIALOG is deprecated and will be removed in a future version. Use 'FileDialog.FOLDER' instead.
[pywebview] FOLDER_DIALOG is deprecated and will be removed in a future version. Use 'FileDialog.FOLDER' instead.
WARNING:pywebview:FOLDER_DIALOG is deprecated and will be removed in a future version. Use 'FileDialog.FOLDER' instead.
[pywebview] FOLDER_DIALOG is deprecated and will be removed in a future version. Use 'FileDialog.FOLDER' instead.
WARNING:pywebview:FOLDER_DIALOG is deprecated and will be removed in a future version. Use 'FileDialog.FOLDER' instead.
[pywebview] FOLDER_DIALOG is deprecated and will be removed in a future version. Use 'FileDialog.FOLDER' instead.
WARNING:pywebview:FOLDER_DIALOG is deprecated and will be removed in a future version. Use 'FileDialog.FOLDER' instead.
[pywebview] FOLDER_DIALOG is deprecated and will be removed in a future version. Use 'FileDialog.FOLDER' instead.
WARNING:pywebview:FOLDER_DIALOG is deprecated and will be removed in a future version. Use 'FileDialog.FOLDER' instead.
[pywebview] FOLDER_DIALOG is deprecated and will be removed in a future version. Use 'FileDialog.FOLDER' instead.
WARNING:pywebview:FOLDER_DIALOG is deprecated and will be removed in a future version. Use 'FileDialog.FOLDER' instead.
[pywebview] FOLDER_DIALOG is deprecated and will be removed in a future version. Use 'FileDialog.FOLDER' instead.
WARNING:pywebview:FOLDER_DIALOG is deprecated and will be removed in a future version. Use 'FileDialog.FOLDER' instead.
[pywebview] FOLDER_DIALOG is deprecated and will be removed in a future version. Use 'FileDialog.FOLDER' instead.
WARNING:pywebview:FOLDER_DIALOG is deprecated and will be removed in a future version. Use 'FileDialog.FOLDER' instead.
[pywebview] FOLDER_DIALOG is deprecated and will be removed in a future version. Use 'FileDialog.FOLDER' instead.
WARNING:pywebview:FOLDER_DIALOG is deprecated and will be removed in a future version. Use 'FileDialog.FOLDER' instead.
[pywebview] FOLDER_DIALOG is deprecated and will be removed in a future version. Use 'FileDialog.FOLDER' instead.
WARNING:pywebview:FOLDER_DIALOG is deprecated and will be removed in a future version. Use 'FileDialog.FOLDER' instead.
[pywebview] FOLDER_DIALOG is deprecated and will be removed in a future version. Use 'FileDialog.FOLDER' instead.
WARNING:pywebview:FOLDER_DIALOG is deprecated and will be removed in a future version. Use 'FileDialog.FOLDER' instead.
[pywebview] FOLDER_DIALOG is deprecated and will be removed in a future version. Use 'FileDialog.FOLDER' instead.
WARNING:pywebview:FOLDER_DIALOG is deprecated and will be removed in a future version. Use 'FileDialog.FOLDER' instead.
[pywebview] FOLDER_DIALOG is deprecated and will be removed in a future version. Use 'FileDialog.FOLDER' instead.
WARNING:pywebview:FOLDER_DIALOG is deprecated and will be removed in a future version. Use 'FileDialog.FOLDER' instead.
[pywebview] FOLDER_DIALOG is deprecated and will be removed in a future version. Use 'FileDialog.FOLDER' instead.
WARNING:pywebview:FOLDER_DIALOG is deprecated and will be removed in a future version. Use 'FileDialog.FOLDER' instead.
[pywebview] FOLDER_DIALOG is deprecated and will be removed in a future version. Use 'FileDialog.FOLDER' instead.
WARNING:pywebview:FOLDER_DIALOG is deprecated and will be removed in a future version. Use 'FileDialog.FOLDER' instead.
[pywebview] FOLDER_DIALOG is deprecated and will be removed in a future version. Use 'FileDialog.FOLDER' instead.
WARNING:pywebview:FOLDER_DIALOG is deprecated and will be removed in a future version. Use 'FileDialog.FOLDER' instead.
[pywebview] FOLDER_DIALOG is deprecated and will be removed in a future version. Use 'FileDialog.FOLDER' instead.
WARNING:pywebview:FOLDER_DIALOG is deprecated and will be removed in a future version. Use 'FileDialog.FOLDER' instead.
[pywebview] FOLDER_DIALOG is deprecated and will be removed in a future version. Use 'FileDialog.FOLDER' instead.
WARNING:pywebview:FOLDER_DIALOG is deprecated and will be removed in a future version. Use 'FileDialog.FOLDER' instead.
[pywebview] FOLDER_DIALOG is deprecated and will be removed in a future version. Use 'FileDialog.FOLDER' instead.
WARNING:pywebview:FOLDER_DIALOG is deprecated and will be removed in a future version. Use 'FileDialog.FOLDER' instead.
[pywebview] FOLDER_DIALOG is deprecated and will be removed in a future version. Use 'FileDialog.FOLDER' instead.
WARNING:pywebview:FOLDER_DIALOG is deprecated and will be removed in a future version. Use 'FileDialog.FOLDER' instead.
[pywebview] FOLDER_DIALOG is deprecated and will be removed in a future version. Use 'FileDialog.FOLDER' instead.
WARNING:pywebview:FOLDER_DIALOG is deprecated and will be removed in a future version. Use 'FileDialog.FOLDER' instead.
[pywebview] FOLDER_DIALOG is deprecated and will be removed in a future version. Use 'FileDialog.FOLDER' instead.
WARNING:pywebview:FOLDER_DIALOG is deprecated and will be removed in a future version. Use 'FileDialog.FOLDER' instead.
[pywebview] FOLDER_DIALOG is deprecated and will be removed in a future version. Use 'FileDialog.FOLDER' instead.
WARNING:pywebview:FOLDER_DIALOG is deprecated and will be removed in a future version. Use 'FileDialog.FOLDER' instead.
[pywebview] FOLDER_DIALOG is deprecated and will be removed in a future version. Use 'FileDialog.FOLDER' instead.
WARNING:pywebview:FOLDER_DIALOG is deprecated and will be removed in a future version. Use 'FileDialog.FOLDER' instead.
[pywebview] FOLDER_DIALOG is deprecated and will be removed in a future version. Use 'FileDialog.FOLDER' instead.
WARNING:pywebview:FOLDER_DIALOG is deprecated and will be removed in a future version. Use 'FileDialog.FOLDER' instead.
[pywebview] FOLDER_DIALOG is deprecated and will be removed in a future version. Use 'FileDialog.FOLDER' instead.
WARNING:pywebview:FOLDER_DIALOG is deprecated and will be removed in a future version. Use 'FileDialog.FOLDER' instead.
[pywebview] FOLDER_DIALOG is deprecated and will be removed in a future version. Use 'FileDialog.FOLDER' instead.
WARNING:pywebview:FOLDER_DIALOG is deprecated and will be removed in a future version. Use 'FileDialog.FOLDER' instead.
[pywebview] FOLDER_DIALOG is deprecated and will be removed in a future version. Use 'FileDialog.FOLDER' instead.
WARNING:pywebview:FOLDER_DIALOG is deprecated and will be removed in a future version. Use 'FileDialog.FOLDER' instead.
[pywebview] FOLDER_DIALOG is deprecated and will be removed in a future version. Use 'FileDialog.FOLDER' instead.
WARNING:pywebview:FOLDER_DIALOG is deprecated and will be removed in a future version. Use 'FileDialog.FOLDER' instead.
[pywebview] FOLDER_DIALOG is deprecated and will be removed in a future version. Use 'FileDialog.FOLDER' instead.
WARNING:pywebview:FOLDER_DIALOG is deprecated and will be removed in a future version. Use 'FileDialog.FOLDER' instead.
[pywebview] FOLDER_DIALOG is deprecated and will be removed in a future version. Use 'FileDialog.FOLDER' instead.
WARNING:pywebview:FOLDER_DIALOG is deprecated and will be removed in a future version. Use 'FileDialog.FOLDER' instead.
[pywebview] FOLDER_DIALOG is deprecated and will be removed in a future version. Use 'FileDialog.FOLDER' instead.
WARNING:pywebview:FOLDER_DIALOG is deprecated and will be removed in a future version. Use 'FileDialog.FOLDER' instead.
[pywebview] FOLDER_DIALOG is deprecated and will be removed in a future version. Use 'FileDialog.FOLDER' instead.
WARNING:pywebview:FOLDER_DIALOG is deprecated and will be removed in a future version. Use 'FileDialog.FOLDER' instead.
[pywebview] FOLDER_DIALOG is deprecated and will be removed in a future version. Use 'FileDialog.FOLDER' instead.
WARNING:pywebview:FOLDER_DIALOG is deprecated and will be removed in a future version. Use 'FileDialog.FOLDER' instead.
[pywebview] FOLDER_DIALOG is deprecated and will be removed in a future version. Use 'FileDialog.FOLDER' instead.
WARNING:pywebview:FOLDER_DIALOG is deprecated and will be removed in a future version. Use 'FileDialog.FOLDER' instead.
[pywebview] FOLDER_DIALOG is deprecated and will be removed in a future version. Use 'FileDialog.FOLDER' instead.
WARNING:pywebview:FOLDER_DIALOG is deprecated and will be removed in a future version. Use 'FileDialog.FOLDER' instead.
[pywebview] FOLDER_DIALOG is deprecated and will be removed in a future version. Use 'FileDialog.FOLDER' instead.
WARNING:pywebview:FOLDER_DIALOG is deprecated and will be removed in a future version. Use 'FileDialog.FOLDER' instead.
[pywebview] FOLDER_DIALOG is deprecated and will be removed in a future version. Use 'FileDialog.FOLDER' instead.
WARNING:pywebview:FOLDER_DIALOG is deprecated and will be removed in a future version. Use 'FileDialog.FOLDER' instead.
[pywebview] FOLDER_DIALOG is deprecated and will be removed in a future version. Use 'FileDialog.FOLDER' instead.
WARNING:pywebview:FOLDER_DIALOG is deprecated and will be removed in a future version. Use 'FileDialog.FOLDER' instead.
[pywebview] FOLDER_DIALOG is deprecated and will be removed in a future version. Use 'FileDialog.FOLDER' instead.
WARNING:pywebview:FOLDER_DIALOG is deprecated and will be removed in a future version. Use 'FileDialog.FOLDER' instead.
[pywebview] FOLDER_DIALOG is deprecated and will be removed in a future version. Use 'FileDialog.FOLDER' instead.
WARNING:pywebview:FOLDER_DIALOG is deprecated and will be removed in a future version. Use 'FileDialog.FOLDER' instead.
WARNING: qrcode 8.2 does not provide the extra 'svg'
[pywebview] FOLDER_DIALOG is deprecated and will be removed in a future version. Use 'FileDialog.FOLDER' instead.
WARNING:pywebview:FOLDER_DIALOG is deprecated and will be removed in a future version. Use 'FileDialog.FOLDER' instead.
[pywebview] FOLDER_DIALOG is deprecated and will be removed in a future version. Use 'FileDialog.FOLDER' instead.
WARNING:pywebview:FOLDER_DIALOG is deprecated and will be removed in a future version. Use 'FileDialog.FOLDER' instead.
[pywebview] FOLDER_DIALOG is deprecated and will be removed in a future version. Use 'FileDialog.FOLDER' instead.
WARNING:pywebview:FOLDER_DIALOG is deprecated and will be removed in a future version. Use 'FileDialog.FOLDER' instead.
[pywebview] FOLDER_DIALOG is deprecated and will be removed in a future version. Use 'FileDialog.FOLDER' instead.
WARNING:pywebview:FOLDER_DIALOG is deprecated and will be removed in a future version. Use 'FileDialog.FOLDER' instead.
WARNING:brew_updater:brew_updater: brew not found — Homebrew may not be installed
[pywebview] FOLDER_DIALOG is deprecated and will be removed in a future version. Use 'FileDialog.FOLDER' instead.
WARNING:pywebview:FOLDER_DIALOG is deprecated and will be removed in a future version. Use 'FileDialog.FOLDER' instead.
[pywebview] FOLDER_DIALOG is deprecated and will be removed in a future version. Use 'FileDialog.FOLDER' instead.
WARNING:pywebview:FOLDER_DIALOG is deprecated and will be removed in a future version. Use 'FileDialog.FOLDER' instead.
[pywebview] FOLDER_DIALOG is deprecated and will be removed in a future version. Use 'FileDialog.FOLDER' instead.
WARNING:pywebview:FOLDER_DIALOG is deprecated and will be removed in a future version. Use 'FileDialog.FOLDER' instead.
[pywebview] FOLDER_DIALOG is deprecated and will be removed in a future version. Use 'FileDialog.FOLDER' instead.
WARNING:pywebview:FOLDER_DIALOG is deprecated and will be removed in a future version. Use 'FileDialog.FOLDER' instead.
[pywebview] FOLDER_DIALOG is deprecated and will be removed in a future version. Use 'FileDialog.FOLDER' instead.
WARNING:pywebview:FOLDER_DIALOG is deprecated and will be removed in a future version. Use 'FileDialog.FOLDER' instead.
[pywebview] FOLDER_DIALOG is deprecated and will be removed in a future version. Use 'FileDialog.FOLDER' instead.
WARNING:pywebview:FOLDER_DIALOG is deprecated and will be removed in a future version. Use 'FileDialog.FOLDER' instead.
[pywebview] FOLDER_DIALOG is deprecated and will be removed in a future version. Use 'FileDialog.FOLDER' instead.
WARNING:pywebview:FOLDER_DIALOG is deprecated and will be removed in a future version. Use 'FileDialog.FOLDER' instead.
[pywebview] FOLDER_DIALOG is deprecated and will be removed in a future version. Use 'FileDialog.FOLDER' instead.
WARNING:pywebview:FOLDER_DIALOG is deprecated and will be removed in a future version. Use 'FileDialog.FOLDER' instead.
[pywebview] FOLDER_DIALOG is deprecated and will be removed in a future version. Use 'FileDialog.FOLDER' instead.
WARNING:pywebview:FOLDER_DIALOG is deprecated and will be removed in a future version. Use 'FileDialog.FOLDER' instead.
[pywebview] FOLDER_DIALOG is deprecated and will be removed in a future version. Use 'FileDialog.FOLDER' instead.
WARNING:pywebview:FOLDER_DIALOG is deprecated and will be removed in a future version. Use 'FileDialog.FOLDER' instead.
[pywebview] FOLDER_DIALOG is deprecated and will be removed in a future version. Use 'FileDialog.FOLDER' instead.
WARNING:pywebview:FOLDER_DIALOG is deprecated and will be removed in a future version. Use 'FileDialog.FOLDER' instead.
[pywebview] FOLDER_DIALOG is deprecated and will be removed in a future version. Use 'FileDialog.FOLDER' instead.
WARNING:pywebview:FOLDER_DIALOG is deprecated and will be removed in a future version. Use 'FileDialog.FOLDER' instead.
[pywebview] FOLDER_DIALOG is deprecated and will be removed in a future version. Use 'FileDialog.FOLDER' instead.
WARNING:pywebview:FOLDER_DIALOG is deprecated and will be removed in a future version. Use 'FileDialog.FOLDER' instead.
[pywebview] FOLDER_DIALOG is deprecated and will be removed in a future version. Use 'FileDialog.FOLDER' instead.
WARNING:pywebview:FOLDER_DIALOG is deprecated and will be removed in a future version. Use 'FileDialog.FOLDER' instead.
[pywebview] FOLDER_DIALOG is deprecated and will be removed in a future version. Use 'FileDialog.FOLDER' instead.
WARNING:pywebview:FOLDER_DIALOG is deprecated and will be removed in a future version. Use 'FileDialog.FOLDER' instead.
[pywebview] FOLDER_DIALOG is deprecated and will be removed in a future version. Use 'FileDialog.FOLDER' instead.
WARNING:pywebview:FOLDER_DIALOG is deprecated and will be removed in a future version. Use 'FileDialog.FOLDER' instead.
WARNING: qrcode 8.2 does not provide the extra 'svg'
WARNING:brew_updater:brew_updater: brew not found — Homebrew may not be installed
[pywebview] FOLDER_DIALOG is deprecated and will be removed in a future version. Use 'FileDialog.FOLDER' instead.
WARNING:pywebview:FOLDER_DIALOG is deprecated and will be removed in a future version. Use 'FileDialog.FOLDER' instead.
[pywebview] FOLDER_DIALOG is deprecated and will be removed in a future version. Use 'FileDialog.FOLDER' instead.
WARNING:pywebview:FOLDER_DIALOG is deprecated and will be removed in a future version. Use 'FileDialog.FOLDER' instead.
[pywebview] FOLDER_DIALOG is deprecated and will be removed in a future version. Use 'FileDialog.FOLDER' instead.
WARNING:pywebview:FOLDER_DIALOG is deprecated and will be removed in a future version. Use 'FileDialog.FOLDER' instead.
[pywebview] FOLDER_DIALOG is deprecated and will be removed in a future version. Use 'FileDialog.FOLDER' instead.
WARNING:pywebview:FOLDER_DIALOG is deprecated and will be removed in a future version. Use 'FileDialog.FOLDER' instead.
[pywebview] FOLDER_DIALOG is deprecated and will be removed in a future version. Use 'FileDialog.FOLDER' instead.
WARNING:pywebview:FOLDER_DIALOG is deprecated and will be removed in a future version. Use 'FileDialog.FOLDER' instead.
[pywebview] FOLDER_DIALOG is deprecated and will be removed in a future version. Use 'FileDialog.FOLDER' instead.
WARNING:pywebview:FOLDER_DIALOG is deprecated and will be removed in a future version. Use 'FileDialog.FOLDER' instead.
[pywebview] FOLDER_DIALOG is deprecated and will be removed in a future version. Use 'FileDialog.FOLDER' instead.
WARNING:pywebview:FOLDER_DIALOG is deprecated and will be removed in a future version. Use 'FileDialog.FOLDER' instead.
[pywebview] FOLDER_DIALOG is deprecated and will be removed in a future version. Use 'FileDialog.FOLDER' instead.
WARNING:pywebview:FOLDER_DIALOG is deprecated and will be removed in a future version. Use 'FileDialog.FOLDER' instead.
[pywebview] FOLDER_DIALOG is deprecated and will be removed in a future version. Use 'FileDialog.FOLDER' instead.
WARNING:pywebview:FOLDER_DIALOG is deprecated and will be removed in a future version. Use 'FileDialog.FOLDER' instead.
[pywebview] FOLDER_DIALOG is deprecated and will be removed in a future version. Use 'FileDialog.FOLDER' instead.
WARNING:pywebview:FOLDER_DIALOG is deprecated and will be removed in a future version. Use 'FileDialog.FOLDER' instead.
[pywebview] FOLDER_DIALOG is deprecated and will be removed in a future version. Use 'FileDialog.FOLDER' instead.
WARNING:pywebview:FOLDER_DIALOG is deprecated and will be removed in a future version. Use 'FileDialog.FOLDER' instead.
[pywebview] FOLDER_DIALOG is deprecated and will be removed in a future version. Use 'FileDialog.FOLDER' instead.
WARNING:pywebview:FOLDER_DIALOG is deprecated and will be removed in a future version. Use 'FileDialog.FOLDER' instead.
